<?xml version="1.0" encoding="UTF-8"?>
<testsuite name="scoreboard.service.impl.MemberServiceImplTest" tests="4" skipped="0" failures="0" errors="0" timestamp="2019-12-30T07:08:57" hostname="Mayanks-MacBook-Pro.local" time="0.059">
  <properties/>
  <testcase name="shouldCreateMember_whenCreateMemberCalled" classname="scoreboard.service.impl.MemberServiceImplTest" time="0.053"/>
  <testcase name="shouldAddTeamToMember_whenAddTeamToMemberCalled" classname="scoreboard.service.impl.MemberServiceImplTest" time="0.003"/>
  <testcase name="shouldThrowTeamAlreadyPresentException_whenAddTeamToMemberCalledAndTeamPresent" classname="scoreboard.service.impl.MemberServiceImplTest" time="0.002"/>
  <testcase name="shouldRemoveTeamFromMember_whenRemoveTeamFromMemberCalled" classname="scoreboard.service.impl.MemberServiceImplTest" time="0.001"/>
  <system-out><![CDATA[]]></system-out>
  <system-err><![CDATA[]]></system-err>
</testsuite>
