<?xml version="1.0" encoding="UTF-8"?>
<testsuite name="scoreboard.service.impl.ScoreServiceImplTest" tests="4" skipped="0" failures="0" errors="0" timestamp="2019-12-30T07:08:57" hostname="Mayanks-MacBook-Pro.local" time="0.019">
  <properties/>
  <testcase name="shouldThrowTeamInActiveException_whenCreateScoreCalled" classname="scoreboard.service.impl.ScoreServiceImplTest" time="0.013"/>
  <testcase name="shouldThrowScoreNegativeException_whenCreateScoreCalled" classname="scoreboard.service.impl.ScoreServiceImplTest" time="0.001"/>
  <testcase name="shouldThrowTeamNotPresentException_whenCreateScoreCalled" classname="scoreboard.service.impl.ScoreServiceImplTest" time="0.001"/>
  <testcase name="shouldCreateScore_whenCreateScoreCalled" classname="scoreboard.service.impl.ScoreServiceImplTest" time="0.003"/>
  <system-out><![CDATA[]]></system-out>
  <system-err><![CDATA[]]></system-err>
</testsuite>
